2015-06-24 18:51:42,071 INFO: cccApp startup [in /home/bat/code/baptabl.fr/ccc/app/__init__.py:50]
2015-06-24 18:51:42,270 INFO: cccApp startup [in /home/bat/code/baptabl.fr/ccc/app/__init__.py:50]
2015-06-24 18:52:30,750 INFO: cccApp startup [in /home/bat/code/baptabl.fr/ccc/app/__init__.py:50]
2015-06-24 18:52:30,950 INFO: cccApp startup [in /home/bat/code/baptabl.fr/ccc/app/__init__.py:50]
2015-06-24 18:53:20,239 INFO: cccApp startup [in /home/bat/code/baptabl.fr/ccc/app/__init__.py:50]
2015-06-24 18:53:34,455 ERROR: Exception on /yolo [GET] [in /usr/local/lib/python2.7/dist-packages/flask/app.py:1423]
Traceback (most recent call last):
  File "/usr/local/lib/python2.7/dist-packages/flask/app.py", line 1817, in wsgi_app
    response = self.full_dispatch_request()
  File "/usr/local/lib/python2.7/dist-packages/flask/app.py", line 1477, in full_dispatch_request
    rv = self.handle_user_exception(e)
  File "/usr/local/lib/python2.7/dist-packages/flask/app.py", line 1370, in handle_user_exception
    return self.handle_http_exception(e)
  File "/usr/local/lib/python2.7/dist-packages/flask/app.py", line 1330, in handle_http_exception
    return handler(e)
  File "/home/bat/code/baptabl.fr/ccc/app/views.py", line 35, in not_found_error
    return 'pas de ça chez nous ! (erreur 404)'
  File "/usr/local/lib/python2.7/dist-packages/flask/templating.py", line 127, in render_template
    return _render(ctx.app.jinja_env.get_or_select_template(template_name_or_list),
  File "/usr/local/lib/python2.7/dist-packages/jinja2/environment.py", line 830, in get_or_select_template
    return self.get_template(template_name_or_list, parent, globals)
  File "/usr/local/lib/python2.7/dist-packages/jinja2/environment.py", line 791, in get_template
    return self._load_template(name, self.make_globals(globals))
  File "/usr/local/lib/python2.7/dist-packages/jinja2/environment.py", line 765, in _load_template
    template = self.loader.load(self, name, globals)
  File "/usr/local/lib/python2.7/dist-packages/jinja2/loaders.py", line 113, in load
    source, filename, uptodate = self.get_source(environment, name)
  File "/usr/local/lib/python2.7/dist-packages/flask/templating.py", line 64, in get_source
    raise TemplateNotFound(template)
TemplateNotFound: <unprintable TemplateNotFound object>
2015-06-24 18:53:34,722 ERROR: Exception on /static/css/bootstrap-responsive.css [GET] [in /usr/local/lib/python2.7/dist-packages/flask/app.py:1423]
Traceback (most recent call last):
  File "/usr/local/lib/python2.7/dist-packages/flask/app.py", line 1817, in wsgi_app
    response = self.full_dispatch_request()
  File "/usr/local/lib/python2.7/dist-packages/flask/app.py", line 1477, in full_dispatch_request
    rv = self.handle_user_exception(e)
  File "/usr/local/lib/python2.7/dist-packages/flask/app.py", line 1370, in handle_user_exception
    return self.handle_http_exception(e)
  File "/usr/local/lib/python2.7/dist-packages/flask/app.py", line 1330, in handle_http_exception
    return handler(e)
  File "/home/bat/code/baptabl.fr/ccc/app/views.py", line 35, in not_found_error
    return 'pas de ça chez nous ! (erreur 404)'
  File "/usr/local/lib/python2.7/dist-packages/flask/templating.py", line 127, in render_template
    return _render(ctx.app.jinja_env.get_or_select_template(template_name_or_list),
  File "/usr/local/lib/python2.7/dist-packages/jinja2/environment.py", line 830, in get_or_select_template
    return self.get_template(template_name_or_list, parent, globals)
  File "/usr/local/lib/python2.7/dist-packages/jinja2/environment.py", line 791, in get_template
    return self._load_template(name, self.make_globals(globals))
  File "/usr/local/lib/python2.7/dist-packages/jinja2/environment.py", line 765, in _load_template
    template = self.loader.load(self, name, globals)
  File "/usr/local/lib/python2.7/dist-packages/jinja2/loaders.py", line 113, in load
    source, filename, uptodate = self.get_source(environment, name)
  File "/usr/local/lib/python2.7/dist-packages/flask/templating.py", line 64, in get_source
    raise TemplateNotFound(template)
TemplateNotFound: <unprintable TemplateNotFound object>
2015-06-25 01:49:35,905 ERROR: Exception on /yolo [GET] [in /usr/local/lib/python2.7/dist-packages/flask/app.py:1423]
Traceback (most recent call last):
  File "/usr/local/lib/python2.7/dist-packages/flask/app.py", line 1817, in wsgi_app
    response = self.full_dispatch_request()
  File "/usr/local/lib/python2.7/dist-packages/flask/app.py", line 1477, in full_dispatch_request
    rv = self.handle_user_exception(e)
  File "/usr/local/lib/python2.7/dist-packages/flask/app.py", line 1370, in handle_user_exception
    return self.handle_http_exception(e)
  File "/usr/local/lib/python2.7/dist-packages/flask/app.py", line 1330, in handle_http_exception
    return handler(e)
  File "/home/bat/code/baptabl.fr/ccc/app/views.py", line 35, in not_found_error
    return 'pas de ça chez nous ! (erreur 404)'
  File "/usr/local/lib/python2.7/dist-packages/flask/templating.py", line 127, in render_template
    return _render(ctx.app.jinja_env.get_or_select_template(template_name_or_list),
  File "/usr/local/lib/python2.7/dist-packages/jinja2/environment.py", line 830, in get_or_select_template
    return self.get_template(template_name_or_list, parent, globals)
  File "/usr/local/lib/python2.7/dist-packages/jinja2/environment.py", line 791, in get_template
    return self._load_template(name, self.make_globals(globals))
  File "/usr/local/lib/python2.7/dist-packages/jinja2/environment.py", line 765, in _load_template
    template = self.loader.load(self, name, globals)
  File "/usr/local/lib/python2.7/dist-packages/jinja2/loaders.py", line 113, in load
    source, filename, uptodate = self.get_source(environment, name)
  File "/usr/local/lib/python2.7/dist-packages/flask/templating.py", line 64, in get_source
    raise TemplateNotFound(template)
TemplateNotFound: <unprintable TemplateNotFound object>
2015-06-25 01:49:36,680 ERROR: Exception on /static/css/bootstrap-responsive.css [GET] [in /usr/local/lib/python2.7/dist-packages/flask/app.py:1423]
Traceback (most recent call last):
  File "/usr/local/lib/python2.7/dist-packages/flask/app.py", line 1817, in wsgi_app
    response = self.full_dispatch_request()
  File "/usr/local/lib/python2.7/dist-packages/flask/app.py", line 1477, in full_dispatch_request
    rv = self.handle_user_exception(e)
  File "/usr/local/lib/python2.7/dist-packages/flask/app.py", line 1370, in handle_user_exception
    return self.handle_http_exception(e)
  File "/usr/local/lib/python2.7/dist-packages/flask/app.py", line 1330, in handle_http_exception
    return handler(e)
  File "/home/bat/code/baptabl.fr/ccc/app/views.py", line 35, in not_found_error
    return 'pas de ça chez nous ! (erreur 404)'
  File "/usr/local/lib/python2.7/dist-packages/flask/templating.py", line 127, in render_template
    return _render(ctx.app.jinja_env.get_or_select_template(template_name_or_list),
  File "/usr/local/lib/python2.7/dist-packages/jinja2/environment.py", line 830, in get_or_select_template
    return self.get_template(template_name_or_list, parent, globals)
  File "/usr/local/lib/python2.7/dist-packages/jinja2/environment.py", line 791, in get_template
    return self._load_template(name, self.make_globals(globals))
  File "/usr/local/lib/python2.7/dist-packages/jinja2/environment.py", line 765, in _load_template
    template = self.loader.load(self, name, globals)
  File "/usr/local/lib/python2.7/dist-packages/jinja2/loaders.py", line 113, in load
    source, filename, uptodate = self.get_source(environment, name)
  File "/usr/local/lib/python2.7/dist-packages/flask/templating.py", line 64, in get_source
    raise TemplateNotFound(template)
TemplateNotFound: <unprintable TemplateNotFound object>
2015-06-25 11:00:06,016 ERROR: Exception on /yolo [GET] [in /usr/local/lib/python2.7/dist-packages/flask/app.py:1423]
Traceback (most recent call last):
  File "/usr/local/lib/python2.7/dist-packages/flask/app.py", line 1817, in wsgi_app
    response = self.full_dispatch_request()
  File "/usr/local/lib/python2.7/dist-packages/flask/app.py", line 1477, in full_dispatch_request
    rv = self.handle_user_exception(e)
  File "/usr/local/lib/python2.7/dist-packages/flask/app.py", line 1370, in handle_user_exception
    return self.handle_http_exception(e)
  File "/usr/local/lib/python2.7/dist-packages/flask/app.py", line 1330, in handle_http_exception
    return handler(e)
  File "/home/bat/code/baptabl.fr/ccc/app/views.py", line 35, in not_found_error
    return 'pas de ça chez nous ! (erreur 404)'
  File "/usr/local/lib/python2.7/dist-packages/flask/templating.py", line 127, in render_template
    return _render(ctx.app.jinja_env.get_or_select_template(template_name_or_list),
  File "/usr/local/lib/python2.7/dist-packages/jinja2/environment.py", line 830, in get_or_select_template
    return self.get_template(template_name_or_list, parent, globals)
  File "/usr/local/lib/python2.7/dist-packages/jinja2/environment.py", line 791, in get_template
    return self._load_template(name, self.make_globals(globals))
  File "/usr/local/lib/python2.7/dist-packages/jinja2/environment.py", line 765, in _load_template
    template = self.loader.load(self, name, globals)
  File "/usr/local/lib/python2.7/dist-packages/jinja2/loaders.py", line 113, in load
    source, filename, uptodate = self.get_source(environment, name)
  File "/usr/local/lib/python2.7/dist-packages/flask/templating.py", line 64, in get_source
    raise TemplateNotFound(template)
TemplateNotFound: <unprintable TemplateNotFound object>
2015-06-25 11:00:06,868 ERROR: Exception on /static/css/bootstrap-responsive.css [GET] [in /usr/local/lib/python2.7/dist-packages/flask/app.py:1423]
Traceback (most recent call last):
  File "/usr/local/lib/python2.7/dist-packages/flask/app.py", line 1817, in wsgi_app
    response = self.full_dispatch_request()
  File "/usr/local/lib/python2.7/dist-packages/flask/app.py", line 1477, in full_dispatch_request
    rv = self.handle_user_exception(e)
  File "/usr/local/lib/python2.7/dist-packages/flask/app.py", line 1370, in handle_user_exception
    return self.handle_http_exception(e)
  File "/usr/local/lib/python2.7/dist-packages/flask/app.py", line 1330, in handle_http_exception
    return handler(e)
  File "/home/bat/code/baptabl.fr/ccc/app/views.py", line 35, in not_found_error
    return 'pas de ça chez nous ! (erreur 404)'
  File "/usr/local/lib/python2.7/dist-packages/flask/templating.py", line 127, in render_template
    return _render(ctx.app.jinja_env.get_or_select_template(template_name_or_list),
  File "/usr/local/lib/python2.7/dist-packages/jinja2/environment.py", line 830, in get_or_select_template
    return self.get_template(template_name_or_list, parent, globals)
  File "/usr/local/lib/python2.7/dist-packages/jinja2/environment.py", line 791, in get_template
    return self._load_template(name, self.make_globals(globals))
  File "/usr/local/lib/python2.7/dist-packages/jinja2/environment.py", line 765, in _load_template
    template = self.loader.load(self, name, globals)
  File "/usr/local/lib/python2.7/dist-packages/jinja2/loaders.py", line 113, in load
    source, filename, uptodate = self.get_source(environment, name)
  File "/usr/local/lib/python2.7/dist-packages/flask/templating.py", line 64, in get_source
    raise TemplateNotFound(template)
TemplateNotFound: <unprintable TemplateNotFound object>
2015-06-25 11:10:35,006 INFO: cccApp startup [in /home/bat/code/baptabl.fr/ccc/app/__init__.py:50]
2015-06-25 11:10:35,209 INFO: cccApp startup [in /home/bat/code/baptabl.fr/ccc/app/__init__.py:50]
2015-06-25 11:13:14,136 INFO: cccApp startup [in /home/bat/code/baptabl.fr/ccc/app/__init__.py:50]
2015-06-25 11:13:26,415 INFO: cccApp startup [in /home/bat/code/baptabl.fr/ccc/app/__init__.py:50]
2015-06-25 11:31:55,844 INFO: cccApp startup [in /home/bat/code/baptabl.fr/ccc/app/__init__.py:50]
2015-06-25 11:33:20,391 INFO: cccApp startup [in /home/bat/code/baptabl.fr/ccc/app/__init__.py:50]
2015-06-25 11:33:51,733 INFO: cccApp startup [in /home/bat/code/baptabl.fr/ccc/app/__init__.py:50]
2015-06-25 11:34:31,115 INFO: cccApp startup [in /home/bat/code/baptabl.fr/ccc/app/__init__.py:50]
2015-06-25 11:38:50,312 INFO: cccApp startup [in /home/bat/code/baptabl.fr/ccc/app/__init__.py:50]
2015-06-25 11:39:16,641 INFO: cccApp startup [in /home/bat/code/baptabl.fr/ccc/app/__init__.py:50]
2015-06-25 11:39:58,023 INFO: cccApp startup [in /home/bat/code/baptabl.fr/ccc/app/__init__.py:50]
2015-06-25 11:40:57,480 INFO: cccApp startup [in /home/bat/code/baptabl.fr/ccc/app/__init__.py:50]
2015-06-25 11:41:44,890 INFO: cccApp startup [in /home/bat/code/baptabl.fr/ccc/app/__init__.py:50]
2015-06-25 11:59:10,159 INFO: cccApp startup [in /home/bat/code/baptabl.fr/ccc/app/__init__.py:50]
2015-06-25 11:59:13,393 INFO: cccApp startup [in /home/bat/code/baptabl.fr/ccc/app/__init__.py:50]
2015-06-25 12:07:29,095 INFO: cccApp startup [in /home/bat/code/baptabl.fr/ccc/app/__init__.py:50]
2015-06-25 12:09:29,810 INFO: cccApp startup [in /home/bat/code/baptabl.fr/ccc/app/__init__.py:50]
2015-06-25 12:10:58,444 INFO: cccApp startup [in /home/bat/code/baptabl.fr/ccc/app/__init__.py:50]
2015-06-25 12:11:42,221 INFO: cccApp startup [in /home/bat/code/baptabl.fr/ccc/app/__init__.py:50]
2015-06-25 12:11:51,021 INFO: cccApp startup [in /home/bat/code/baptabl.fr/ccc/app/__init__.py:50]
2015-06-30 11:23:21,350 INFO: cccApp startup [in /home/bat/code/baptabl.fr/ccc/app/__init__.py:50]
2015-06-30 11:23:21,666 INFO: cccApp startup [in /home/bat/code/baptabl.fr/ccc/app/__init__.py:50]
2015-06-30 16:47:18,983 INFO: cccApp startup [in /home/bat/code/baptabl.fr/ccc/app/__init__.py:50]
2015-06-30 16:48:36,623 INFO: cccApp startup [in /home/bat/code/baptabl.fr/ccc/app/__init__.py:50]
2015-06-30 16:48:36,823 INFO: cccApp startup [in /home/bat/code/baptabl.fr/ccc/app/__init__.py:50]
2015-06-30 16:58:17,693 INFO: cccApp startup [in /home/bat/code/baptabl.fr/ccc/app/__init__.py:50]
2015-06-30 16:58:17,903 INFO: cccApp startup [in /home/bat/code/baptabl.fr/ccc/app/__init__.py:50]
2015-06-30 17:06:46,561 INFO: cccApp startup [in /home/bat/code/baptabl.fr/ccc/app/__init__.py:50]
2015-06-30 17:06:46,768 INFO: cccApp startup [in /home/bat/code/baptabl.fr/ccc/app/__init__.py:50]
2015-06-30 17:10:01,969 INFO: cccApp startup [in /home/bat/code/baptabl.fr/ccc/app/__init__.py:50]
2015-06-30 17:21:35,237 INFO: cccApp startup [in /home/bat/code/baptabl.fr/ccc/app/__init__.py:50]
2015-06-30 17:21:35,439 INFO: cccApp startup [in /home/bat/code/baptabl.fr/ccc/app/__init__.py:50]
2015-06-30 17:21:47,712 INFO: cccApp startup [in /home/bat/code/baptabl.fr/ccc/app/__init__.py:50]
2015-06-30 17:21:49,970 INFO: cccApp startup [in /home/bat/code/baptabl.fr/ccc/app/__init__.py:50]
2015-06-30 17:21:50,170 INFO: cccApp startup [in /home/bat/code/baptabl.fr/ccc/app/__init__.py:50]
2015-06-30 17:21:53,772 INFO: cccApp startup [in /home/bat/code/baptabl.fr/ccc/app/__init__.py:50]
2015-06-30 17:30:58,532 INFO: cccApp startup [in /home/bat/code/baptabl.fr/ccc/app/__init__.py:50]
2015-06-30 17:31:22,611 INFO: cccApp startup [in /home/bat/code/baptabl.fr/ccc/app/__init__.py:50]
2015-06-30 17:32:04,177 INFO: cccApp startup [in /home/bat/code/baptabl.fr/ccc/app/__init__.py:50]
2015-06-30 17:32:16,789 INFO: cccApp startup [in /home/bat/code/baptabl.fr/ccc/app/__init__.py:50]
2015-06-30 17:34:12,715 INFO: cccApp startup [in /home/bat/code/baptabl.fr/ccc/app/__init__.py:50]
2015-06-30 17:34:29,908 INFO: cccApp startup [in /home/bat/code/baptabl.fr/ccc/app/__init__.py:50]
2015-06-30 17:34:40,770 INFO: cccApp startup [in /home/bat/code/baptabl.fr/ccc/app/__init__.py:50]
2015-06-30 17:35:20,386 INFO: cccApp startup [in /home/bat/code/baptabl.fr/ccc/app/__init__.py:50]
2015-06-30 17:36:23,418 INFO: cccApp startup [in /home/bat/code/baptabl.fr/ccc/app/__init__.py:50]
2015-06-30 17:36:41,212 INFO: cccApp startup [in /home/bat/code/baptabl.fr/ccc/app/__init__.py:50]
2015-06-30 17:37:21,448 INFO: cccApp startup [in /home/bat/code/baptabl.fr/ccc/app/__init__.py:50]
2015-06-30 17:37:30,316 INFO: cccApp startup [in /home/bat/code/baptabl.fr/ccc/app/__init__.py:50]
2015-06-30 17:37:34,058 INFO: cccApp startup [in /home/bat/code/baptabl.fr/ccc/app/__init__.py:50]
2015-06-30 17:37:40,220 INFO: cccApp startup [in /home/bat/code/baptabl.fr/ccc/app/__init__.py:50]
2015-06-30 17:37:43,614 INFO: cccApp startup [in /home/bat/code/baptabl.fr/ccc/app/__init__.py:50]
2015-06-30 17:37:56,492 INFO: cccApp startup [in /home/bat/code/baptabl.fr/ccc/app/__init__.py:50]
2015-06-30 17:38:50,445 INFO: cccApp startup [in /home/bat/code/baptabl.fr/ccc/app/__init__.py:50]
2015-06-30 17:38:50,648 INFO: cccApp startup [in /home/bat/code/baptabl.fr/ccc/app/__init__.py:50]
2015-06-30 17:39:52,109 INFO: cccApp startup [in /home/bat/code/baptabl.fr/ccc/app/__init__.py:50]
2015-06-30 17:40:32,488 INFO: cccApp startup [in /home/bat/code/baptabl.fr/ccc/app/__init__.py:50]
2015-06-30 17:40:35,728 INFO: cccApp startup [in /home/bat/code/baptabl.fr/ccc/app/__init__.py:50]
2015-06-30 17:41:03,058 INFO: cccApp startup [in /home/bat/code/baptabl.fr/ccc/app/__init__.py:50]
2015-06-30 17:51:04,577 INFO: cccApp startup [in /home/bat/code/baptabl.fr/ccc/app/__init__.py:50]
2015-06-30 17:51:17,862 INFO: cccApp startup [in /home/bat/code/baptabl.fr/ccc/app/__init__.py:50]
2015-06-30 17:51:33,159 INFO: cccApp startup [in /home/bat/code/baptabl.fr/ccc/app/__init__.py:50]
2015-06-30 17:51:37,413 INFO: cccApp startup [in /home/bat/code/baptabl.fr/ccc/app/__init__.py:50]
2015-06-30 17:51:41,668 INFO: cccApp startup [in /home/bat/code/baptabl.fr/ccc/app/__init__.py:50]
2015-06-30 17:51:44,918 INFO: cccApp startup [in /home/bat/code/baptabl.fr/ccc/app/__init__.py:50]
2015-06-30 17:52:34,353 INFO: cccApp startup [in /home/bat/code/baptabl.fr/ccc/app/__init__.py:50]
2015-06-30 17:52:37,602 INFO: cccApp startup [in /home/bat/code/baptabl.fr/ccc/app/__init__.py:50]
2015-06-30 17:52:54,909 INFO: cccApp startup [in /home/bat/code/baptabl.fr/ccc/app/__init__.py:50]
2015-06-30 17:53:11,524 INFO: cccApp startup [in /home/bat/code/baptabl.fr/ccc/app/__init__.py:50]
2015-06-30 17:53:39,727 INFO: cccApp startup [in /home/bat/code/baptabl.fr/ccc/app/__init__.py:50]
2015-06-30 17:54:05,191 INFO: cccApp startup [in /home/bat/code/baptabl.fr/ccc/app/__init__.py:50]
2015-06-30 17:56:14,317 INFO: cccApp startup [in /home/bat/code/baptabl.fr/ccc/app/__init__.py:50]
2015-06-30 17:56:18,510 INFO: cccApp startup [in /home/bat/code/baptabl.fr/ccc/app/__init__.py:50]
2015-06-30 17:56:18,724 INFO: cccApp startup [in /home/bat/code/baptabl.fr/ccc/app/__init__.py:50]
2015-07-01 10:47:21,995 INFO: cccApp startup [in /home/bat/code/baptabl.fr/ccc/app/__init__.py:50]
2015-07-01 10:47:22,205 INFO: cccApp startup [in /home/bat/code/baptabl.fr/ccc/app/__init__.py:50]
2015-07-01 10:55:52,492 INFO: cccApp startup [in /home/bat/code/baptabl.fr/ccc/app/__init__.py:50]
2015-07-01 14:24:58,425 INFO: cccApp startup [in /home/bat/code/baptabl.fr/ccc/app/__init__.py:50]
2015-07-01 14:25:38,830 INFO: cccApp startup [in /home/bat/code/baptabl.fr/ccc/app/__init__.py:50]
2015-07-01 14:26:01,158 INFO: cccApp startup [in /home/bat/code/baptabl.fr/ccc/app/__init__.py:50]
2015-07-01 14:26:09,431 INFO: cccApp startup [in /home/bat/code/baptabl.fr/ccc/app/__init__.py:50]
2015-07-01 14:26:54,841 INFO: cccApp startup [in /home/bat/code/baptabl.fr/ccc/app/__init__.py:50]
2015-07-01 14:27:33,229 INFO: cccApp startup [in /home/bat/code/baptabl.fr/ccc/app/__init__.py:50]
2015-07-01 14:28:09,609 INFO: cccApp startup [in /home/bat/code/baptabl.fr/ccc/app/__init__.py:50]
2015-07-01 14:28:18,884 INFO: cccApp startup [in /home/bat/code/baptabl.fr/ccc/app/__init__.py:50]
2015-07-01 14:28:27,153 INFO: cccApp startup [in /home/bat/code/baptabl.fr/ccc/app/__init__.py:50]
2015-07-01 14:32:26,300 INFO: cccApp startup [in /home/bat/code/baptabl.fr/ccc/app/__init__.py:50]
2015-07-01 17:43:54,325 INFO: cccApp startup [in /home/bat/code/baptabl.fr/ccc/app/__init__.py:51]
2015-07-01 17:43:54,592 INFO: cccApp startup [in /home/bat/code/baptabl.fr/ccc/app/__init__.py:51]
2015-07-01 17:44:29,507 INFO: cccApp startup [in /home/bat/code/baptabl.fr/ccc/app/__init__.py:51]
2015-07-01 17:44:29,720 INFO: cccApp startup [in /home/bat/code/baptabl.fr/ccc/app/__init__.py:51]
2015-07-02 09:28:18,690 INFO: cccApp startup [in /home/bat/code/baptabl.fr/ccc/app/__init__.py:51]
2015-07-02 09:28:19,001 INFO: cccApp startup [in /home/bat/code/baptabl.fr/ccc/app/__init__.py:51]
2015-07-03 20:42:32,357 INFO: cccApp startup [in /home/bat/code/baptabl.fr/ccc/app/__init__.py:51]
2015-07-03 20:42:32,730 INFO: cccApp startup [in /home/bat/code/baptabl.fr/ccc/app/__init__.py:51]
2015-07-03 21:02:51,113 INFO: cccApp startup [in /home/bat/code/baptabl.fr/ccc/app/__init__.py:51]
2015-07-03 21:03:01,460 INFO: cccApp startup [in /home/bat/code/baptabl.fr/ccc/app/__init__.py:51]
2015-07-03 21:04:12,099 INFO: cccApp startup [in /home/bat/code/baptabl.fr/ccc/app/__init__.py:51]
2015-07-03 21:06:08,951 INFO: cccApp startup [in /home/bat/code/baptabl.fr/ccc/app/__init__.py:51]
2015-07-03 21:07:04,495 INFO: cccApp startup [in /home/bat/code/baptabl.fr/ccc/app/__init__.py:51]
2015-07-03 21:07:07,799 INFO: cccApp startup [in /home/bat/code/baptabl.fr/ccc/app/__init__.py:51]
2015-07-03 21:07:10,100 INFO: cccApp startup [in /home/bat/code/baptabl.fr/ccc/app/__init__.py:51]
2015-07-03 21:07:14,412 INFO: cccApp startup [in /home/bat/code/baptabl.fr/ccc/app/__init__.py:51]
2015-07-03 21:07:35,803 INFO: cccApp startup [in /home/bat/code/baptabl.fr/ccc/app/__init__.py:51]
2015-07-03 21:07:41,143 INFO: cccApp startup [in /home/bat/code/baptabl.fr/ccc/app/__init__.py:51]
2015-07-03 21:07:51,486 INFO: cccApp startup [in /home/bat/code/baptabl.fr/ccc/app/__init__.py:51]
2015-07-03 21:07:58,813 INFO: cccApp startup [in /home/bat/code/baptabl.fr/ccc/app/__init__.py:51]
2015-07-03 21:08:02,117 INFO: cccApp startup [in /home/bat/code/baptabl.fr/ccc/app/__init__.py:51]
2015-07-03 21:08:06,427 INFO: cccApp startup [in /home/bat/code/baptabl.fr/ccc/app/__init__.py:51]
2015-07-04 17:57:15,122 INFO: cccApp startup [in /home/bat/code/baptabl.fr/ccc/app/__init__.py:51]
2015-07-04 17:57:15,461 INFO: cccApp startup [in /home/bat/code/baptabl.fr/ccc/app/__init__.py:51]
2015-07-04 17:57:26,291 INFO: cccApp startup [in /home/bat/code/baptabl.fr/ccc/app/__init__.py:51]
2015-07-04 17:57:26,531 INFO: cccApp startup [in /home/bat/code/baptabl.fr/ccc/app/__init__.py:51]
2015-07-04 17:59:00,554 INFO: cccApp startup [in /home/bat/code/baptabl.fr/ccc/app/__init__.py:51]
2015-07-04 18:08:09,911 INFO: cccApp startup [in /home/bat/code/baptabl.fr/ccc/app/__init__.py:51]
2015-07-04 18:30:30,935 INFO: cccApp startup [in /home/bat/code/baptabl.fr/ccc/app/__init__.py:51]
2015-07-04 18:30:31,209 INFO: cccApp startup [in /home/bat/code/baptabl.fr/ccc/app/__init__.py:51]
2015-07-05 10:33:36,050 INFO: cccApp startup [in /home/bat/code/baptabl.fr/ccc/app/__init__.py:51]
2015-07-05 10:33:36,387 INFO: cccApp startup [in /home/bat/code/baptabl.fr/ccc/app/__init__.py:51]
2015-07-05 11:30:36,932 INFO: cccApp startup [in /home/bat/code/baptabl.fr/ccc/app/__init__.py:51]
2015-07-05 11:30:37,161 INFO: cccApp startup [in /home/bat/code/baptabl.fr/ccc/app/__init__.py:51]
2015-07-05 11:31:03,669 INFO: cccApp startup [in /home/bat/code/baptabl.fr/ccc/app/__init__.py:51]
2015-07-05 11:32:36,671 INFO: cccApp startup [in /home/bat/code/baptabl.fr/ccc/app/__init__.py:51]
2015-07-05 11:32:50,046 INFO: cccApp startup [in /home/bat/code/baptabl.fr/ccc/app/__init__.py:51]
2015-07-05 11:33:03,426 INFO: cccApp startup [in /home/bat/code/baptabl.fr/ccc/app/__init__.py:51]
2015-07-05 11:34:56,608 INFO: cccApp startup [in /home/bat/code/baptabl.fr/ccc/app/__init__.py:51]
2015-07-05 11:34:56,822 INFO: cccApp startup [in /home/bat/code/baptabl.fr/ccc/app/__init__.py:51]
2015-07-05 11:35:22,288 INFO: cccApp startup [in /home/bat/code/baptabl.fr/ccc/app/__init__.py:51]
2015-07-05 11:38:38,117 INFO: cccApp startup [in /home/bat/code/baptabl.fr/ccc/app/__init__.py:51]
2015-07-05 11:38:52,449 INFO: cccApp startup [in /home/bat/code/baptabl.fr/ccc/app/__init__.py:51]
2015-07-05 11:40:02,115 INFO: cccApp startup [in /home/bat/code/baptabl.fr/ccc/app/__init__.py:51]
2015-07-05 11:40:02,346 INFO: cccApp startup [in /home/bat/code/baptabl.fr/ccc/app/__init__.py:51]
2015-07-05 11:40:10,677 INFO: cccApp startup [in /home/bat/code/baptabl.fr/ccc/app/__init__.py:51]
2015-07-05 11:49:48,437 INFO: cccApp startup [in /home/bat/code/baptabl.fr/ccc/app/__init__.py:51]
2015-07-05 11:50:38,092 INFO: cccApp startup [in /home/bat/code/baptabl.fr/ccc/app/__init__.py:51]
2015-07-05 11:55:14,441 INFO: cccApp startup [in /home/bat/code/baptabl.fr/ccc/app/__init__.py:51]
2015-07-05 11:55:21,801 INFO: cccApp startup [in /home/bat/code/baptabl.fr/ccc/app/__init__.py:51]
2015-07-05 11:56:23,556 INFO: cccApp startup [in /home/bat/code/baptabl.fr/ccc/app/__init__.py:51]
2015-07-05 12:08:23,195 INFO: cccApp startup [in /home/bat/code/baptabl.fr/ccc/app/__init__.py:51]
2015-07-06 16:50:34,617 INFO: cccApp startup [in /home/bat/code/baptabl.fr/ccc/app/__init__.py:51]
2015-07-06 16:50:34,981 INFO: cccApp startup [in /home/bat/code/baptabl.fr/ccc/app/__init__.py:51]
2015-07-06 20:58:26,971 INFO: cccApp startup [in /home/bat/code/baptabl.fr/ccc/app/__init__.py:51]
2015-07-06 20:58:27,161 INFO: cccApp startup [in /home/bat/code/baptabl.fr/ccc/app/__init__.py:51]
2015-07-06 21:00:41,892 INFO: cccApp startup [in /home/bat/code/baptabl.fr/ccc/app/__init__.py:51]
2015-07-06 21:01:14,245 INFO: cccApp startup [in /home/bat/code/baptabl.fr/ccc/app/__init__.py:51]
2015-07-06 21:02:49,579 INFO: cccApp startup [in /home/bat/code/baptabl.fr/ccc/app/__init__.py:51]
2015-07-06 21:02:57,378 INFO: cccApp startup [in /home/bat/code/baptabl.fr/ccc/app/__init__.py:51]
2015-07-06 21:02:57,571 INFO: cccApp startup [in /home/bat/code/baptabl.fr/ccc/app/__init__.py:51]
2015-07-06 21:04:38,195 INFO: cccApp startup [in /home/bat/code/baptabl.fr/ccc/app/__init__.py:51]
2015-07-06 21:06:09,774 INFO: cccApp startup [in /home/bat/code/baptabl.fr/ccc/app/__init__.py:51]
2015-07-06 21:06:42,128 INFO: cccApp startup [in /home/bat/code/baptabl.fr/ccc/app/__init__.py:51]
2015-07-06 21:07:04,436 INFO: cccApp startup [in /home/bat/code/baptabl.fr/ccc/app/__init__.py:51]
2015-07-06 21:07:44,816 INFO: cccApp startup [in /home/bat/code/baptabl.fr/ccc/app/__init__.py:51]
2015-07-06 21:08:01,102 INFO: cccApp startup [in /home/bat/code/baptabl.fr/ccc/app/__init__.py:51]
2015-07-06 21:10:39,943 INFO: cccApp startup [in /home/bat/code/baptabl.fr/ccc/app/__init__.py:51]
2015-07-07 00:48:27,455 INFO: cccApp startup [in /home/bat/code/baptabl.fr/ccc/app/__init__.py:51]
2015-07-07 00:48:39,821 INFO: cccApp startup [in /home/bat/code/baptabl.fr/ccc/app/__init__.py:51]
2015-07-07 00:49:47,488 INFO: cccApp startup [in /home/bat/code/baptabl.fr/ccc/app/__init__.py:51]
2015-07-07 00:59:00,527 INFO: cccApp startup [in /home/bat/code/baptabl.fr/ccc/app/__init__.py:51]
2015-07-07 01:05:50,832 INFO: cccApp startup [in /home/bat/code/baptabl.fr/ccc/app/__init__.py:51]
2015-07-07 01:06:11,231 INFO: cccApp startup [in /home/bat/code/baptabl.fr/ccc/app/__init__.py:51]
2015-07-07 01:06:48,711 INFO: cccApp startup [in /home/bat/code/baptabl.fr/ccc/app/__init__.py:51]
2015-07-07 01:07:14,129 INFO: cccApp startup [in /home/bat/code/baptabl.fr/ccc/app/__init__.py:51]
2015-07-07 01:13:02,163 INFO: cccApp startup [in /home/bat/code/baptabl.fr/ccc/app/__init__.py:51]
2015-07-07 01:13:04,469 INFO: cccApp startup [in /home/bat/code/baptabl.fr/ccc/app/__init__.py:51]
2015-07-07 01:13:22,902 INFO: cccApp startup [in /home/bat/code/baptabl.fr/ccc/app/__init__.py:51]
2015-07-07 01:13:37,275 INFO: cccApp startup [in /home/bat/code/baptabl.fr/ccc/app/__init__.py:51]
2015-07-07 01:16:34,478 INFO: cccApp startup [in /home/bat/code/baptabl.fr/ccc/app/__init__.py:51]
2015-07-07 01:16:39,725 INFO: cccApp startup [in /home/bat/code/baptabl.fr/ccc/app/__init__.py:51]
2015-07-07 01:16:56,002 INFO: cccApp startup [in /home/bat/code/baptabl.fr/ccc/app/__init__.py:51]
2015-07-07 01:17:24,350 INFO: cccApp startup [in /home/bat/code/baptabl.fr/ccc/app/__init__.py:51]
2015-07-07 01:17:33,595 INFO: cccApp startup [in /home/bat/code/baptabl.fr/ccc/app/__init__.py:51]
2015-07-07 01:17:40,838 INFO: cccApp startup [in /home/bat/code/baptabl.fr/ccc/app/__init__.py:51]
2015-07-07 01:32:45,377 INFO: cccApp startup [in /home/bat/code/baptabl.fr/ccc/app/__init__.py:51]
2015-07-07 01:34:51,273 INFO: cccApp startup [in /home/bat/code/baptabl.fr/ccc/app/__init__.py:51]
2015-07-07 01:35:03,627 INFO: cccApp startup [in /home/bat/code/baptabl.fr/ccc/app/__init__.py:51]
2015-07-07 01:35:29,040 INFO: cccApp startup [in /home/bat/code/baptabl.fr/ccc/app/__init__.py:51]
2015-07-07 09:35:43,757 INFO: cccApp startup [in /home/bat/code/baptabl.fr/ccc/app/__init__.py:51]
2015-07-07 09:35:44,021 INFO: cccApp startup [in /home/bat/code/baptabl.fr/ccc/app/__init__.py:51]
2015-07-07 09:36:47,632 INFO: cccApp startup [in /home/bat/code/baptabl.fr/ccc/app/__init__.py:51]
2015-07-07 09:36:53,950 INFO: cccApp startup [in /home/bat/code/baptabl.fr/ccc/app/__init__.py:51]
2015-07-07 11:40:30,764 INFO: cccApp startup [in /home/bat/code/baptabl.fr/ccc/app/__init__.py:51]
2015-07-07 11:40:31,031 INFO: cccApp startup [in /home/bat/code/baptabl.fr/ccc/app/__init__.py:51]
2015-07-07 14:40:50,137 INFO: cccApp startup [in /home/bat/code/baptabl.fr/ccc/app/__init__.py:51]
2015-07-07 14:58:56,817 INFO: cccApp startup [in /home/bat/code/baptabl.fr/ccc/app/__init__.py:51]
2015-07-07 14:58:57,085 INFO: cccApp startup [in /home/bat/code/baptabl.fr/ccc/app/__init__.py:51]
2015-11-24 13:47:46,045 INFO: cccApp startup [in /home/bat/code/baptabl.fr/ccc/app/__init__.py:50]
2015-11-24 13:47:46,431 INFO: cccApp startup [in /home/bat/code/baptabl.fr/ccc/app/__init__.py:50]
2015-11-24 14:50:00,476 INFO: cccApp startup [in /home/bat/code/mesLucioles/app/__init__.py:50]
2015-11-24 14:50:00,712 INFO: cccApp startup [in /home/bat/code/mesLucioles/app/__init__.py:50]
